<?xml version="1.0" encoding="UTF-8"?>
<!-- Generated by org.testng.reporters.JUnitXMLReporter -->
<testsuite ignored="10" hostname="Priyankas-MacBook-Air.local" failures="0" tests="1" name="Default test" time="1.273" errors="0" timestamp="06 Oct 2022 15:53:55 GMT">
  <testcase classname="api.com.tests.ApiTestScripts" name="ValidateStatusCodeGetUsers" time="1.255"/>
  <testcase classname="api.com.tests.ApiTestScripts" name="ValidateResponseBodyGetUs" time="0.0">
    <ignored/>
  </testcase> <!-- ValidateResponseBodyGetUs -->
  <testcase classname="api.com.tests.ApiTestScripts" name="ValidateStatusCodeGetUsersWithQueryParam" time="0.0">
    <ignored/>
  </testcase> <!-- ValidateStatusCodeGetUsersWithQueryParam -->
  <testcase classname="api.com.tests.ApiTestScripts" name="ValidateResponseBodyGetDigestAuth" time="0.0">
    <ignored/>
  </testcase> <!-- ValidateResponseBodyGetDigestAuth -->
  <testcase classname="api.com.tests.ApiTestScripts" name="ValidateTotalFieldValue" time="0.0">
    <ignored/>
  </testcase> <!-- ValidateTotalFieldValue -->
  <testcase classname="api.com.tests.ApiTestScripts" name="ValidateResponseBodyGetBasicAuth" time="0.0">
    <ignored/>
  </testcase> <!-- ValidateResponseBodyGetBasicAuth -->
  <testcase classname="api.com.tests.ApiTestScripts" name="ValidateResponseBodyGetPathParam" time="0.0">
    <ignored/>
  </testcase> <!-- ValidateResponseBodyGetPathParam -->
  <testcase classname="api.com.tests.ApiTestScripts" name="ValidateResponseBodyGetOAuth1Auth" time="0.0">
    <ignored/>
  </testcase> <!-- ValidateResponseBodyGetOAuth1Auth -->
  <testcase classname="api.com.tests.ApiTestScripts" name="ValidateResponseBodyGetHeader" time="0.0">
    <ignored/>
  </testcase> <!-- ValidateResponseBodyGetHeader -->
  <testcase classname="api.com.tests.ApiTestScripts" name="ValidateResponseBodyGetOAuth2Auth" time="0.0">
    <ignored/>
  </testcase> <!-- ValidateResponseBodyGetOAuth2Auth -->
  <testcase classname="api.com.tests.ApiTestScripts" name="ValidateResponseBodyGetOAuth2WithHeader" time="0.0">
    <ignored/>
  </testcase> <!-- ValidateResponseBodyGetOAuth2WithHeader -->
</testsuite> <!-- Default test -->
