<?xml version="1.0" encoding="UTF-8"?>
<!-- Generated by org.testng.reporters.JUnitXMLReporter -->
<testsuite ignored="13" hostname="Priyankas-MacBook-Air.local" failures="1" tests="3" name="API Test Cases" time="1.549" errors="0" timestamp="06 Oct 2022 17:41:50 GMT">
  <testcase classname="api.com.tests.ApiTestScripts" name="ValidateStatusCodeGetUsers" time="1.258">
    <skipped/>
  </testcase> <!-- ValidateStatusCodeGetUsers -->
  <testcase classname="api.com.tests.ApiTestScripts" name="ValidateStatusCodeGetUsers" time="0.127">
    <skipped/>
  </testcase> <!-- ValidateStatusCodeGetUsers -->
  <testcase classname="api.com.tests.ApiTestScripts" name="ValidateStatusCodeGetUsers" time="0.129">
    <failure type="java.lang.AssertionError" message="expected [201] but found [200]">
      <![CDATA[java.lang.AssertionError: expected [201] but found [200]at api.com.tests.ApiTestScripts.ValidateStatusCodeGetUsers(ApiTestScripts.java:27)... Removed 31 stack frames]]>
    </failure>
  </testcase> <!-- ValidateStatusCodeGetUsers -->
  <testcase classname="api.com.tests.ApiTestScripts" name="ValidateStatusCodeGetUsersWithQueryParam" time="0.0">
    <ignored/>
  </testcase> <!-- ValidateStatusCodeGetUsersWithQueryParam -->
  <testcase classname="api.com.tests.ApiTestScripts" name="ValidateResponseBodyGetBasicAuth" time="0.0">
    <ignored/>
  </testcase> <!-- ValidateResponseBodyGetBasicAuth -->
  <testcase classname="api.com.tests.ApiTestScripts" name="ValidateResponseBodyGetPathParam" time="0.0">
    <ignored/>
  </testcase> <!-- ValidateResponseBodyGetPathParam -->
  <testcase classname="api.com.tests.ApiTestScripts" name="ValidateResponseBodyGetOAuth2Auth" time="0.0">
    <ignored/>
  </testcase> <!-- ValidateResponseBodyGetOAuth2Auth -->
  <testcase classname="api.com.tests.PostMethodJson" name="postAutoExtFile" time="0.0">
    <ignored/>
  </testcase> <!-- postAutoExtFile -->
  <testcase classname="api.com.tests.ApiTestScripts" name="ValidateResponseBodyGetUs" time="0.0">
    <ignored/>
  </testcase> <!-- ValidateResponseBodyGetUs -->
  <testcase classname="api.com.tests.PostMethodJson" name="postmethodwithpojoclass" time="0.0">
    <ignored/>
  </testcase> <!-- postmethodwithpojoclass -->
  <testcase classname="api.com.tests.PostMethodJson" name="postmethodwithpojoclasswithnestedmodel" time="0.0">
    <ignored/>
  </testcase> <!-- postmethodwithpojoclasswithnestedmodel -->
  <testcase classname="api.com.tests.ApiTestScripts" name="ValidateResponseBodyGetDigestAuth" time="0.0">
    <ignored/>
  </testcase> <!-- ValidateResponseBodyGetDigestAuth -->
  <testcase classname="api.com.tests.ApiTestScripts" name="ValidateTotalFieldValue" time="0.0">
    <ignored/>
  </testcase> <!-- ValidateTotalFieldValue -->
  <testcase classname="api.com.tests.ApiTestScripts" name="ValidateResponseBodyGetOAuth1Auth" time="0.0">
    <ignored/>
  </testcase> <!-- ValidateResponseBodyGetOAuth1Auth -->
  <testcase classname="api.com.tests.ApiTestScripts" name="ValidateResponseBodyGetHeader" time="0.0">
    <ignored/>
  </testcase> <!-- ValidateResponseBodyGetHeader -->
  <testcase classname="api.com.tests.ApiTestScripts" name="ValidateResponseBodyGetOAuth2WithHeader" time="0.0">
    <ignored/>
  </testcase> <!-- ValidateResponseBodyGetOAuth2WithHeader -->
</testsuite> <!-- API Test Cases -->
